d:\_code\version1_10.25 fifififinal\version1_10.22\x64\debug\vc143.pdb
d:\_code\version1_10.25 fifififinal\version1_10.22\x64\debug\vc143.idb
d:\_code\version1_10.25 fifififinal\version1_10.22\x64\debug\studentmanagementsystem.obj
d:\_code\version1_10.25 fifififinal\version1_10.22\x64\debug\student.obj
d:\_code\version1_10.25 fifififinal\version1_10.22\x64\debug\main.obj
d:\_code\version1_10.25 fifififinal\version1_10.22\x64\debug\grade.obj
d:\_code\version1_10.25 fifififinal\version1_10.22\x64\debug\course.obj
d:\_code\version1_10.25 fifififinal\version1_10.22\x64\debug\cmystring.obj
d:\_code\version1_10.25 fifififinal\version1_10.22\x64\debug\version1_10.22.ilk
d:\_code\version1_10.25 fifififinal\x64\debug\version1_10.22.pdb
d:\_code\version1_10.25 fifififinal\version1_10.22\x64\debug\version1_10.22.tlog\cl.command.1.tlog
d:\_code\version1_10.25 fifififinal\version1_10.22\x64\debug\version1_10.22.tlog\cl.items.tlog
d:\_code\version1_10.25 fifififinal\version1_10.22\x64\debug\version1_10.22.tlog\cl.read.1.tlog
d:\_code\version1_10.25 fifififinal\version1_10.22\x64\debug\version1_10.22.tlog\cl.write.1.tlog
d:\_code\version1_10.25 fifififinal\version1_10.22\x64\debug\version1_10.22.tlog\link.24880-cvtres.read.1.tlog
d:\_code\version1_10.25 fifififinal\version1_10.22\x64\debug\version1_10.22.tlog\link.24880-cvtres.write.1.tlog
d:\_code\version1_10.25 fifififinal\version1_10.22\x64\debug\version1_10.22.tlog\link.24880-rc.read.1.tlog
d:\_code\version1_10.25 fifififinal\version1_10.22\x64\debug\version1_10.22.tlog\link.24880-rc.write.1.tlog
d:\_code\version1_10.25 fifififinal\version1_10.22\x64\debug\version1_10.22.tlog\link.24880.read.1.tlog
d:\_code\version1_10.25 fifififinal\version1_10.22\x64\debug\version1_10.22.tlog\link.24880.read.2.tlog
d:\_code\version1_10.25 fifififinal\version1_10.22\x64\debug\version1_10.22.tlog\link.24880.read.3.tlog
d:\_code\version1_10.25 fifififinal\version1_10.22\x64\debug\version1_10.22.tlog\link.24880.read.4.tlog
d:\_code\version1_10.25 fifififinal\version1_10.22\x64\debug\version1_10.22.tlog\link.24880.write.1.tlog
d:\_code\version1_10.25 fifififinal\version1_10.22\x64\debug\version1_10.22.tlog\link.command.1.tlog
d:\_code\version1_10.25 fifififinal\version1_10.22\x64\debug\version1_10.22.tlog\link.read.1.tlog
d:\_code\version1_10.25 fifififinal\version1_10.22\x64\debug\version1_10.22.tlog\link.secondary.1.tlog
d:\_code\version1_10.25 fifififinal\version1_10.22\x64\debug\version1_10.22.tlog\link.write.1.tlog
